New log file opened at Wed Sep 21 10:50:26 CEST 2016 by 5300@dorian-Aspire-V3-571G
jvm 5300@dorian-Aspire-V3-571G
jvm vmName=Java HotSpot(TM) 64-Bit Server VM vmVendor=Oracle Corporation vmVersion=25.101-b13
jvm specName=Java Virtual Machine Specification specVendor=Oracle Corporation specVersion=1.8
jvm arguments: [-Xms256m, -Xmx1024m, -XX:MetaspaceSize=64m, -XX:MaxMetaspaceSize=256m]
Starting event engine
Starting sbt command engine
Waiting for sbt command engine
Command engine arguments=List()
Command engine baseDirectory=/home/dorian/workspace/Stage/TestScala
Command engine initial remaining commands List(--initialize, onFailure load-failed, boot, server-send-ready-for-request, server-handle-next-server-request)
> --initialize
> initialize
> onFailure load-failed
> boot
> reload
[Loading] Scanning directory /home/dorian/workspace/Stage/TestScala/project
[Loading] Found non-root projects 
[Loading] Done in /home/dorian/workspace/Stage/TestScala/project, returning: ()
deducing auto plugins based on known facts Set(Atom(sbt.plugins.CorePlugin)) and clauses Clauses(List(Clause(Atom(sbt.plugins.JvmPlugin),Set(Atom(sbt.plugins.IvyPlugin))), Clause(Atom(sbt.plugins.JUnitXmlReportPlugin),Set(Atom(sbt.plugins.JvmPlugin))), Clause(Atom(sbt.plugins.CorePlugin),Set(Atom(sbt.plugins.IvyPlugin))), Clause(Atom(sbt.plugins.IvyPlugin),Set(Atom(sbt.plugins.JvmPlugin))), Clause(Atom(sbt.plugins.JvmPlugin),Set(Atom(sbt.plugins.JUnitXmlReportPlugin)))))
  :: deduced result: Matched(sbt.plugins.CorePlugin,sbt.plugins.IvyPlugin,sbt.plugins.JvmPlugin,sbt.plugins.JUnitXmlReportPlugin)
sorting: ns: List(sbt.plugins.CorePlugin, sbt.plugins.IvyPlugin, sbt.plugins.JvmPlugin, sbt.plugins.JUnitXmlReportPlugin)
  :: sorting:: found: List(sbt.plugins.CorePlugin) not found List(sbt.plugins.IvyPlugin, sbt.plugins.JvmPlugin, sbt.plugins.JUnitXmlReportPlugin)
  :: sorting:: found: List(sbt.plugins.CorePlugin, sbt.plugins.IvyPlugin) not found List(sbt.plugins.JvmPlugin, sbt.plugins.JUnitXmlReportPlugin)
  :: sorting:: found: List(sbt.plugins.CorePlugin, sbt.plugins.IvyPlugin, sbt.plugins.JvmPlugin) not found List(sbt.plugins.JUnitXmlReportPlugin)
  :: sorting:: found: List(sbt.plugins.CorePlugin, sbt.plugins.IvyPlugin, sbt.plugins.JvmPlugin, sbt.plugins.JUnitXmlReportPlugin) not found List()
  :: sorted deduced result: List(sbt.plugins.CorePlugin, sbt.plugins.IvyPlugin, sbt.plugins.JvmPlugin, sbt.plugins.JUnitXmlReportPlugin)
[Loading] Done in /home/dorian/workspace/Stage/TestScala/project, returning: (testscala-build)
Loading project definition from /home/dorian/workspace/Stage/TestScala/project
Running task... Cancel: sbt.TaskCancellationStrategy$Null$@6da19b09, check cycles: false

Initial source changes: 
	removed:Set()
	added: Set()
	modified: Set()
Removed products: Set()
External API changes: API Changes: Set()
Modified binary dependencies: Set()
Initial directly invalidated sources: Set()

Sources indirectly invalidated by:
	product: Set()
	binary dep: Set()
	external source: Set()
All initially invalidated sources: Set()

Copy resource mappings: 
	
[Loading] Scanning directory /home/dorian/workspace/Stage/TestScala
[Loading] Found root project root w/ remaining 
deducing auto plugins based on known facts Set(Atom(play.PlayScala), Atom(sbt.plugins.CorePlugin)) and clauses Clauses(List(Clause(Atom(sbt.plugins.JvmPlugin),Set(Atom(sbt.plugins.IvyPlugin))), Clause(Atom(sbt.plugins.JUnitXmlReportPlugin),Set(Atom(sbt.plugins.JvmPlugin))), Clause(Atom(play.sbt.forkrun.PlayForkRun),Set(Atom(sbt.plugins.BackgroundRunPlugin))), Clause(Atom(play.sbt.forkrun.PlayForkRun),Set(Atom(play.Play))), Clause(Atom(play.sbt.forkrun.PlayForkRun),Set(Atom(sbt.plugins.SerializersPlugin))), Clause(Atom(play.Play),Set(Atom(com.typesafe.sbt.webdriver.SbtWebDriver))), Clause(Atom(play.Play),Set(Atom(play.twirl.sbt.SbtTwirl))), Clause(Atom(play.Play),Set(Atom(com.typesafe.sbt.jse.SbtJsTask))), Clause(Atom(play.PlayJava),Set(Atom(play.Play))), Clause(Atom(play.PlayScala),Set(Atom(play.Play))), Clause(Atom(play.twirl.sbt.SbtTwirl),Set(Atom(sbt.plugins.JvmPlugin))), Clause(Atom(com.typesafe.sbt.jse.SbtJsEngine),Set(Atom(com.typesafe.sbt.web.SbtWeb))), Clause(Atom(com.typesafe.sbt.jse.SbtJsTask),Set(Atom(com.typesafe.sbt.jse.SbtJsEngine))), Clause(Atom(com.typesafe.sbt.webdriver.SbtWebDriver),Set(Atom(com.typesafe.sbt.web.SbtWeb))), Clause(Atom(sbt.plugins.BackgroundRunPlugin),Set(Atom(sbt.plugins.JvmPlugin))), Clause(Atom(com.typesafe.sbt.coffeescript.SbtCoffeeScript),Set(Atom(com.typesafe.sbt.jse.SbtJsTask))), Clause(Atom(com.typesafe.sbt.less.SbtLess),Set(Atom(com.typesafe.sbt.jse.SbtJsTask))), Clause(Atom(com.typesafe.sbt.jshint.SbtJSHint),Set(Atom(com.typesafe.sbt.jse.SbtJsTask))), Clause(Atom(com.typesafe.sbt.rjs.SbtRjs),Set(Atom(com.typesafe.sbt.jse.SbtJsTask))), Clause(Atom(com.typesafe.sbt.digest.SbtDigest),Set(Atom(com.typesafe.sbt.web.SbtWeb))), Clause(Atom(com.typesafe.sbt.mocha.SbtMocha),Set(Atom(com.typesafe.sbt.jse.SbtJsTask))), Clause(Atom(sbt.plugins.CorePlugin),Set(Atom(sbt.plugins.IvyPlugin))), Clause(Atom(sbt.plugins.IvyPlugin),Set(Atom(sbt.plugins.JvmPlugin))), Clause(Atom(sbt.plugins.JvmPlugin),Set(Atom(sbt.plugins.JUnitXmlReportPlugin))), Clause(And(Set(Atom(sbt.plugins.BackgroundRunPlugin), Atom(play.Play), Atom(sbt.plugins.SerializersPlugin))),Set(Atom(play.sbt.forkrun.PlayForkRun))), Clause(Atom(com.typesafe.sbt.web.SbtWeb),Set(Atom(com.typesafe.sbt.jse.SbtJsEngine))), Clause(Atom(com.typesafe.sbt.jse.SbtJsEngine),Set(Atom(com.typesafe.sbt.jse.SbtJsTask))), Clause(Atom(com.typesafe.sbt.web.SbtWeb),Set(Atom(com.typesafe.sbt.webdriver.SbtWebDriver))), Clause(Atom(sbt.plugins.JvmPlugin),Set(Atom(sbt.plugins.BackgroundRunPlugin))), Clause(Atom(sbt.plugins.CorePlugin),Set(Atom(sbt.plugins.InteractionServicePlugin))), Clause(Atom(sbt.plugins.CorePlugin),Set(Atom(sbt.plugins.SendEventServicePlugin))), Clause(Atom(sbt.plugins.CorePlugin),Set(Atom(sbt.plugins.SerializersPlugin))), Clause(Atom(com.typesafe.sbt.jse.SbtJsTask),Set(Atom(com.typesafe.sbt.coffeescript.SbtCoffeeScript))), Clause(Atom(com.typesafe.sbt.jse.SbtJsTask),Set(Atom(com.typesafe.sbt.less.SbtLess))), Clause(Atom(com.typesafe.sbt.jse.SbtJsTask),Set(Atom(com.typesafe.sbt.jshint.SbtJSHint))), Clause(Atom(com.typesafe.sbt.jse.SbtJsTask),Set(Atom(com.typesafe.sbt.rjs.SbtRjs))), Clause(Atom(com.typesafe.sbt.web.SbtWeb),Set(Atom(com.typesafe.sbt.digest.SbtDigest))), Clause(Atom(com.typesafe.sbt.jse.SbtJsTask),Set(Atom(com.typesafe.sbt.mocha.SbtMocha)))))
  :: deduced result: Matched(sbt.plugins.CorePlugin,play.PlayScala,sbt.plugins.InteractionServicePlugin,sbt.plugins.SendEventServicePlugin,play.Play,sbt.plugins.SerializersPlugin,sbt.plugins.IvyPlugin,sbt.plugins.JvmPlugin,com.typesafe.sbt.jse.SbtJsTask,play.twirl.sbt.SbtTwirl,com.typesafe.sbt.webdriver.SbtWebDriver,com.typesafe.sbt.jshint.SbtJSHint,sbt.plugins.JUnitXmlReportPlugin,com.typesafe.sbt.mocha.SbtMocha,com.typesafe.sbt.less.SbtLess,com.typesafe.sbt.web.SbtWeb,com.typesafe.sbt.rjs.SbtRjs,com.typesafe.sbt.jse.SbtJsEngine,com.typesafe.sbt.coffeescript.SbtCoffeeScript,sbt.plugins.BackgroundRunPlugin,com.typesafe.sbt.digest.SbtDigest,play.sbt.forkrun.PlayForkRun)
sorting: ns: List(sbt.plugins.CorePlugin, play.PlayScala, sbt.plugins.InteractionServicePlugin, sbt.plugins.SendEventServicePlugin, play.Play, sbt.plugins.SerializersPlugin, sbt.plugins.IvyPlugin, sbt.plugins.JvmPlugin, com.typesafe.sbt.jse.SbtJsTask, play.twirl.sbt.SbtTwirl, com.typesafe.sbt.webdriver.SbtWebDriver, com.typesafe.sbt.jshint.SbtJSHint, sbt.plugins.JUnitXmlReportPlugin, com.typesafe.sbt.mocha.SbtMocha, com.typesafe.sbt.less.SbtLess, com.typesafe.sbt.web.SbtWeb, com.typesafe.sbt.rjs.SbtRjs, com.typesafe.sbt.jse.SbtJsEngine, com.typesafe.sbt.coffeescript.SbtCoffeeScript, sbt.plugins.BackgroundRunPlugin, com.typesafe.sbt.digest.SbtDigest, play.sbt.forkrun.PlayForkRun)
  :: sorting:: found: List(sbt.plugins.CorePlugin, com.typesafe.sbt.web.SbtWeb) not found List(play.PlayScala, sbt.plugins.InteractionServicePlugin, sbt.plugins.SendEventServicePlugin, play.Play, sbt.plugins.SerializersPlugin, sbt.plugins.IvyPlugin, sbt.plugins.JvmPlugin, com.typesafe.sbt.jse.SbtJsTask, play.twirl.sbt.SbtTwirl, com.typesafe.sbt.webdriver.SbtWebDriver, com.typesafe.sbt.jshint.SbtJSHint, sbt.plugins.JUnitXmlReportPlugin, com.typesafe.sbt.mocha.SbtMocha, com.typesafe.sbt.less.SbtLess, com.typesafe.sbt.rjs.SbtRjs, com.typesafe.sbt.jse.SbtJsEngine, com.typesafe.sbt.coffeescript.SbtCoffeeScript, sbt.plugins.BackgroundRunPlugin, com.typesafe.sbt.digest.SbtDigest, play.sbt.forkrun.PlayForkRun)
  :: sorting:: found: List(sbt.plugins.CorePlugin, com.typesafe.sbt.web.SbtWeb, sbt.plugins.InteractionServicePlugin, sbt.plugins.SendEventServicePlugin, sbt.plugins.SerializersPlugin, sbt.plugins.IvyPlugin, com.typesafe.sbt.webdriver.SbtWebDriver, com.typesafe.sbt.jse.SbtJsEngine, com.typesafe.sbt.digest.SbtDigest) not found List(play.PlayScala, play.Play, sbt.plugins.JvmPlugin, com.typesafe.sbt.jse.SbtJsTask, play.twirl.sbt.SbtTwirl, com.typesafe.sbt.jshint.SbtJSHint, sbt.plugins.JUnitXmlReportPlugin, com.typesafe.sbt.mocha.SbtMocha, com.typesafe.sbt.less.SbtLess, com.typesafe.sbt.rjs.SbtRjs, com.typesafe.sbt.coffeescript.SbtCoffeeScript, sbt.plugins.BackgroundRunPlugin, play.sbt.forkrun.PlayForkRun)
  :: sorting:: found: List(sbt.plugins.CorePlugin, com.typesafe.sbt.web.SbtWeb, sbt.plugins.InteractionServicePlugin, sbt.plugins.SendEventServicePlugin, sbt.plugins.SerializersPlugin, sbt.plugins.IvyPlugin, com.typesafe.sbt.webdriver.SbtWebDriver, com.typesafe.sbt.jse.SbtJsEngine, com.typesafe.sbt.digest.SbtDigest, sbt.plugins.JvmPlugin, com.typesafe.sbt.jse.SbtJsTask) not found List(play.PlayScala, play.Play, play.twirl.sbt.SbtTwirl, com.typesafe.sbt.jshint.SbtJSHint, sbt.plugins.JUnitXmlReportPlugin, com.typesafe.sbt.mocha.SbtMocha, com.typesafe.sbt.less.SbtLess, com.typesafe.sbt.rjs.SbtRjs, com.typesafe.sbt.coffeescript.SbtCoffeeScript, sbt.plugins.BackgroundRunPlugin, play.sbt.forkrun.PlayForkRun)
  :: sorting:: found: List(sbt.plugins.CorePlugin, com.typesafe.sbt.web.SbtWeb, sbt.plugins.InteractionServicePlugin, sbt.plugins.SendEventServicePlugin, sbt.plugins.SerializersPlugin, sbt.plugins.IvyPlugin, com.typesafe.sbt.webdriver.SbtWebDriver, com.typesafe.sbt.jse.SbtJsEngine, com.typesafe.sbt.digest.SbtDigest, sbt.plugins.JvmPlugin, com.typesafe.sbt.jse.SbtJsTask, play.twirl.sbt.SbtTwirl, com.typesafe.sbt.jshint.SbtJSHint, sbt.plugins.JUnitXmlReportPlugin, com.typesafe.sbt.mocha.SbtMocha, com.typesafe.sbt.less.SbtLess, com.typesafe.sbt.rjs.SbtRjs, com.typesafe.sbt.coffeescript.SbtCoffeeScript, sbt.plugins.BackgroundRunPlugin) not found List(play.PlayScala, play.Play, play.sbt.forkrun.PlayForkRun)
  :: sorting:: found: List(sbt.plugins.CorePlugin, com.typesafe.sbt.web.SbtWeb, sbt.plugins.InteractionServicePlugin, sbt.plugins.SendEventServicePlugin, sbt.plugins.SerializersPlugin, sbt.plugins.IvyPlugin, com.typesafe.sbt.webdriver.SbtWebDriver, com.typesafe.sbt.jse.SbtJsEngine, com.typesafe.sbt.digest.SbtDigest, sbt.plugins.JvmPlugin, com.typesafe.sbt.jse.SbtJsTask, play.twirl.sbt.SbtTwirl, com.typesafe.sbt.jshint.SbtJSHint, sbt.plugins.JUnitXmlReportPlugin, com.typesafe.sbt.mocha.SbtMocha, com.typesafe.sbt.less.SbtLess, com.typesafe.sbt.rjs.SbtRjs, com.typesafe.sbt.coffeescript.SbtCoffeeScript, sbt.plugins.BackgroundRunPlugin, play.Play) not found List(play.PlayScala, play.sbt.forkrun.PlayForkRun)
  :: sorting:: found: List(sbt.plugins.CorePlugin, com.typesafe.sbt.web.SbtWeb, sbt.plugins.InteractionServicePlugin, sbt.plugins.SendEventServicePlugin, sbt.plugins.SerializersPlugin, sbt.plugins.IvyPlugin, com.typesafe.sbt.webdriver.SbtWebDriver, com.typesafe.sbt.jse.SbtJsEngine, com.typesafe.sbt.digest.SbtDigest, sbt.plugins.JvmPlugin, com.typesafe.sbt.jse.SbtJsTask, play.twirl.sbt.SbtTwirl, com.typesafe.sbt.jshint.SbtJSHint, sbt.plugins.JUnitXmlReportPlugin, com.typesafe.sbt.mocha.SbtMocha, com.typesafe.sbt.less.SbtLess, com.typesafe.sbt.rjs.SbtRjs, com.typesafe.sbt.coffeescript.SbtCoffeeScript, sbt.plugins.BackgroundRunPlugin, play.Play, play.PlayScala, play.sbt.forkrun.PlayForkRun) not found List()
  :: sorted deduced result: List(sbt.plugins.CorePlugin, com.typesafe.sbt.web.SbtWeb, sbt.plugins.InteractionServicePlugin, sbt.plugins.SendEventServicePlugin, sbt.plugins.SerializersPlugin, sbt.plugins.IvyPlugin, com.typesafe.sbt.webdriver.SbtWebDriver, com.typesafe.sbt.jse.SbtJsEngine, com.typesafe.sbt.digest.SbtDigest, sbt.plugins.JvmPlugin, com.typesafe.sbt.jse.SbtJsTask, play.twirl.sbt.SbtTwirl, com.typesafe.sbt.jshint.SbtJSHint, sbt.plugins.JUnitXmlReportPlugin, com.typesafe.sbt.mocha.SbtMocha, com.typesafe.sbt.less.SbtLess, com.typesafe.sbt.rjs.SbtRjs, com.typesafe.sbt.coffeescript.SbtCoffeeScript, sbt.plugins.BackgroundRunPlugin, play.Play, play.PlayScala, play.sbt.forkrun.PlayForkRun)
[Loading] Done in /home/dorian/workspace/Stage/TestScala, returning: (root)
Set current project to testscala (in build file:/home/dorian/workspace/Stage/TestScala/)
Reapplying settings...
Set current project to testscala (in build file:/home/dorian/workspace/Stage/TestScala/)
> iflast shell
> server-send-ready-for-request
> server-handle-next-server-request
> {file:/home/dorian/workspace/Stage/TestScala/}root/compile:discoveredMainClasses
Evaluating tasks: compile:discoveredMainClasses
Running task... Cancel: sbt.server.ServerTaskCancellation@4e398914, check cycles: false

Initial source changes: 
	removed:Set()
	added: Set()
	modified: Set(/home/dorian/workspace/Stage/TestScala/app/models/Person.scala, /home/dorian/workspace/Stage/TestScala/app/controllers/AddressController.scala, /home/dorian/workspace/Stage/TestScala/target/scala-2.11/src_managed/main/routes_reverseRouting.scala, /home/dorian/workspace/Stage/TestScala/target/scala-2.11/src_managed/main/controllers/routes.java, /home/dorian/workspace/Stage/TestScala/app/models/Address.scala, /home/dorian/workspace/Stage/TestScala/target/scala-2.11/src_managed/main/routes_routing.scala)
Removed products: Set()
External API changes: API Changes: Set()
Modified binary dependencies: Set()
Initial directly invalidated sources: Set(/home/dorian/workspace/Stage/TestScala/app/models/Person.scala, /home/dorian/workspace/Stage/TestScala/app/controllers/AddressController.scala, /home/dorian/workspace/Stage/TestScala/target/scala-2.11/src_managed/main/routes_reverseRouting.scala, /home/dorian/workspace/Stage/TestScala/target/scala-2.11/src_managed/main/controllers/routes.java, /home/dorian/workspace/Stage/TestScala/app/models/Address.scala, /home/dorian/workspace/Stage/TestScala/target/scala-2.11/src_managed/main/routes_routing.scala)

Sources indirectly invalidated by:
	product: Set()
	binary dep: Set()
	external source: Set()
All initially invalidated sources: Set(/home/dorian/workspace/Stage/TestScala/app/models/Person.scala, /home/dorian/workspace/Stage/TestScala/app/controllers/AddressController.scala, /home/dorian/workspace/Stage/TestScala/target/scala-2.11/src_managed/main/routes_reverseRouting.scala, /home/dorian/workspace/Stage/TestScala/target/scala-2.11/src_managed/main/controllers/routes.java, /home/dorian/workspace/Stage/TestScala/app/models/Address.scala, /home/dorian/workspace/Stage/TestScala/target/scala-2.11/src_managed/main/routes_routing.scala)

Recompiling all 10 sources: invalidated sources (6) exceeded 50.0% of all sources
Read from stdout: Compiling 9 Scala sources and 1 Java source to /home/dorian/workspace/Stage/TestScala/target/scala-2.11/classes...
Compiling 9 Scala sources and 1 Java source to /home/dorian/workspace/Stage/TestScala/target/scala-2.11/classes...
Getting compiler-interface from component compiler for Scala 2.11.7
Other repositories:
Default repositories:
Getting compiler-interface from component compiler for Scala 2.11.7
Other repositories:
Default repositories:
Running cached compiler 381f3554, interfacing (CompilerInterface) with Scala compiler version 2.11.7
Calling Scala compiler with arguments  (CompilerInterface):
	-deprecation
	-unchecked
	-encoding
	utf8
	-bootclasspath
	/usr/lib/jvm/java-8-oracle/jre/lib/resources.jar:/usr/lib/jvm/java-8-oracle/jre/lib/rt.jar:/usr/lib/jvm/java-8-oracle/jre/lib/sunrsasign.jar:/usr/lib/jvm/java-8-oracle/jre/lib/jsse.jar:/usr/lib/jvm/java-8-oracle/jre/lib/jce.jar:/usr/lib/jvm/java-8-oracle/jre/lib/charsets.jar:/usr/lib/jvm/java-8-oracle/jre/lib/jfr.jar:/usr/lib/jvm/java-8-oracle/jre/classes:/home/dorian/.ivy2/cache/org.scala-lang/scala-library/jars/scala-library-2.11.7.jar
	-classpath
	/home/dorian/workspace/Stage/TestScala/target/scala-2.11/classes:/home/dorian/.ivy2/cache/com.typesafe.play/twirl-api_2.11/jars/twirl-api_2.11-1.0.2.jar:/home/dorian/.ivy2/cache/org.apache.commons/commons-lang3/jars/commons-lang3-3.1.jar:/home/dorian/.ivy2/cache/org.scala-lang.modules/scala-xml_2.11/bundles/scala-xml_2.11-1.0.1.jar:/home/dorian/.ivy2/cache/com.typesafe.play/play_2.11/jars/play_2.11-2.3.8.jar:/home/dorian/.ivy2/cache/com.typesafe.play/build-link/jars/build-link-2.3.8.jar:/home/dorian/.ivy2/cache/com.typesafe.play/play-exceptions/jars/play-exceptions-2.3.8.jar:/home/dorian/.ivy2/cache/org.javassist/javassist/bundles/javassist-3.18.2-GA.jar:/home/dorian/.ivy2/cache/org.scala-stm/scala-stm_2.11/jars/scala-stm_2.11-0.7.jar:/home/dorian/.ivy2/cache/com.typesafe/config/bundles/config-1.2.1.jar:/home/dorian/.ivy2/cache/com.typesafe.play/play-json_2.11/jars/play-json_2.11-2.3.8.jar:/home/dorian/.ivy2/cache/com.typesafe.play/play-functional_2.11/jars/play-functional_2.11-2.3.8.jar:/home/dorian/.ivy2/cache/com.typesafe.play/play-datacommons_2.11/jars/play-datacommons_2.11-2.3.8.jar:/home/dorian/.ivy2/cache/com.fasterxml.jackson.core/jackson-annotations/bundles/jackson-annotations-2.3.2.jar:/home/dorian/.ivy2/cache/com.fasterxml.jackson.core/jackson-core/bundles/jackson-core-2.3.2.jar:/home/dorian/.ivy2/cache/com.fasterxml.jackson.core/jackson-databind/bundles/jackson-databind-2.3.2.jar:/home/dorian/.ivy2/cache/org.scala-lang.modules/scala-parser-combinators_2.11/bundles/scala-parser-combinators_2.11-1.0.1.jar:/home/dorian/.ivy2/cache/io.netty/netty/bundles/netty-3.9.3.Final.jar:/home/dorian/.ivy2/cache/com.typesafe.netty/netty-http-pipelining/jars/netty-http-pipelining-1.1.2.jar:/home/dorian/.ivy2/cache/org.slf4j/slf4j-api/jars/slf4j-api-1.7.6.jar:/home/dorian/.ivy2/cache/org.slf4j/jul-to-slf4j/jars/jul-to-slf4j-1.7.6.jar:/home/dorian/.ivy2/cache/org.slf4j/jcl-over-slf4j/jars/jcl-over-slf4j-1.7.6.jar:/home/dorian/.ivy2/cache/ch.qos.logback/logback-core/jars/logback-core-1.1.1.jar:/home/dorian/.ivy2/cache/ch.qos.logback/logback-classic/jars/logback-classic-1.1.1.jar:/home/dorian/.ivy2/cache/com.typesafe.akka/akka-slf4j_2.11/jars/akka-slf4j_2.11-2.3.4.jar:/home/dorian/.ivy2/cache/xerces/xercesImpl/jars/xercesImpl-2.11.0.jar:/home/dorian/.ivy2/cache/xml-apis/xml-apis/jars/xml-apis-1.4.01.jar:/home/dorian/.ivy2/cache/javax.transaction/jta/jars/jta-1.1.jar:/home/dorian/.ivy2/cache/com.typesafe.play/play-jdbc_2.11/jars/play-jdbc_2.11-2.3.8.jar:/home/dorian/.ivy2/cache/com.jolbox/bonecp/bundles/bonecp-0.8.0.RELEASE.jar:/home/dorian/.ivy2/cache/com.h2database/h2/jars/h2-1.3.175.jar:/home/dorian/.ivy2/cache/tyrex/tyrex/jars/tyrex-1.0.1.jar:/home/dorian/.ivy2/cache/com.typesafe.play/anorm_2.11/jars/anorm_2.11-2.4.0.jar:/home/dorian/.ivy2/cache/com.typesafe.play/anorm-tokenizer_2.11/jars/anorm-tokenizer_2.11-2.4.0.jar:/home/dorian/.ivy2/cache/org.scala-lang/scala-reflect/jars/scala-reflect-2.11.6.jar:/home/dorian/.ivy2/cache/com.jsuereth/scala-arm_2.11/jars/scala-arm_2.11-1.4.jar:/home/dorian/.ivy2/cache/org.scala-lang.plugins/scala-continuations-library_2.11/bundles/scala-continuations-library_2.11-1.0.1.jar:/home/dorian/.ivy2/cache/joda-time/joda-time/jars/joda-time-2.6.jar:/home/dorian/.ivy2/cache/org.joda/joda-convert/jars/joda-convert-1.7.jar:/home/dorian/.ivy2/cache/com.typesafe.play/play-cache_2.11/jars/play-cache_2.11-2.3.8.jar:/home/dorian/.ivy2/cache/net.sf.ehcache/ehcache-core/jars/ehcache-core-2.6.8.jar:/home/dorian/.ivy2/cache/com.typesafe.play/play-ws_2.11/jars/play-ws_2.11-2.3.8.jar:/home/dorian/.ivy2/cache/com.google.guava/guava/bundles/guava-16.0.1.jar:/home/dorian/.ivy2/cache/com.ning/async-http-client/jars/async-http-client-1.8.15.jar:/home/dorian/.ivy2/cache/oauth.signpost/signpost-core/jars/signpost-core-1.2.1.2.jar:/home/dorian/.ivy2/cache/oauth.signpost/signpost-commonshttp4/jars/signpost-commonshttp4-1.2.1.2.jar:/home/dorian/.ivy2/cache/org.apache.httpcomponents/httpcore/jars/httpcore-4.0.1.jar:/home/dorian/.ivy2/cache/org.apache.httpcomponents/httpclient/jars/httpclient-4.0.1.jar:/home/dorian/.ivy2/cache/commons-logging/commons-logging/jars/commons-logging-1.1.1.jar:/home/dorian/.ivy2/cache/org.reactivemongo/play2-reactivemongo_2.11/jars/play2-reactivemongo_2.11-0.11.14-play24.jar:/home/dorian/.ivy2/cache/org.reactivemongo/reactivemongo_2.11/jars/reactivemongo_2.11-0.11.14.jar:/home/dorian/.ivy2/cache/org.reactivemongo/reactivemongo-bson-macros_2.11/jars/reactivemongo-bson-macros_2.11-0.11.14.jar:/home/dorian/.ivy2/cache/org.reactivemongo/reactivemongo-bson_2.11/jars/reactivemongo-bson_2.11-0.11.14.jar:/home/dorian/.ivy2/cache/org.reactivemongo/reactivemongo-shaded/jars/reactivemongo-shaded-0.11.14.jar:/home/dorian/.ivy2/cache/com.typesafe.akka/akka-actor_2.11/jars/akka-actor_2.11-2.3.13.jar:/home/dorian/.ivy2/cache/com.typesafe.play/play-iteratees_2.11/jars/play-iteratees_2.11-2.3.10.jar:/home/dorian/.ivy2/cache/commons-codec/commons-codec/jars/commons-codec-1.10.jar:/home/dorian/.ivy2/cache/org.apache.logging.log4j/log4j-api/jars/log4j-api-2.5.jar:/home/dorian/.ivy2/cache/org.reactivemongo/reactivemongo-play-json_2.11/jars/reactivemongo-play-json_2.11-0.11.14.jar
Read from stdout: /home/dorian/workspace/Stage/TestScala/app/models/Person.scala:54: not found: type male
/home/dorian/workspace/Stage/TestScala/app/models/Person.scala:54: not found: type male
Read from stdout: (JsPath \ "male").read[male] or
      (JsPath \ "male").read[male] or
Read from stdout: ^
                             ^
Read from stdout: /home/dorian/workspace/Stage/TestScala/app/models/Person.scala:54: ambiguous reference to overloaded definition,
Read from stdout: both method read in class JsPath of type (t: <error>)play.api.libs.json.Reads[<error>]
Read from stdout: and  method read in class JsPath of type (implicit r: play.api.libs.json.Reads[<error>])play.api.libs.json.Reads[<error>]
Read from stdout: match expected type ?
/home/dorian/workspace/Stage/TestScala/app/models/Person.scala:54: ambiguous reference to overloaded definition,
both method read in class JsPath of type (t: <error>)play.api.libs.json.Reads[<error>]
and  method read in class JsPath of type (implicit r: play.api.libs.json.Reads[<error>])play.api.libs.json.Reads[<error>]
match expected type ?
Read from stdout: (JsPath \ "male").read[male] or
      (JsPath \ "male").read[male] or
Read from stdout: ^
                            ^
Read from stdout: /home/dorian/workspace/Stage/TestScala/app/models/Person.scala:55: not found: type female
/home/dorian/workspace/Stage/TestScala/app/models/Person.scala:55: not found: type female
Read from stdout: (JsPath \ "female").read[female]
      (JsPath \ "female").read[female]
Read from stdout: ^
                               ^
Read from stdout: /home/dorian/workspace/Stage/TestScala/app/models/Person.scala:56: value apply is not a member of object models.AddressType
/home/dorian/workspace/Stage/TestScala/app/models/Person.scala:56: value apply is not a member of object models.AddressType
Read from stdout: )(AddressType.apply _)
  )(AddressType.apply _)
Read from stdout: ^
                ^
Read from stdout: /home/dorian/workspace/Stage/TestScala/app/models/Person.scala:60: not found: type male
/home/dorian/workspace/Stage/TestScala/app/models/Person.scala:60: not found: type male
Read from stdout: (JsPath \ "male").read[male] or
      (JsPath \ "male").read[male] or
Read from stdout: ^
                             ^
Read from stdout: /home/dorian/workspace/Stage/TestScala/app/models/Person.scala:60: ambiguous reference to overloaded definition,
Read from stdout: both method read in class JsPath of type (t: <error>)play.api.libs.json.Reads[<error>]
Read from stdout: and  method read in class JsPath of type (implicit r: play.api.libs.json.Reads[<error>])play.api.libs.json.Reads[<error>]
Read from stdout: match expected type ?
/home/dorian/workspace/Stage/TestScala/app/models/Person.scala:60: ambiguous reference to overloaded definition,
both method read in class JsPath of type (t: <error>)play.api.libs.json.Reads[<error>]
and  method read in class JsPath of type (implicit r: play.api.libs.json.Reads[<error>])play.api.libs.json.Reads[<error>]
match expected type ?
Read from stdout: (JsPath \ "male").read[male] or
      (JsPath \ "male").read[male] or
Read from stdout: ^
                            ^
Read from stdout: /home/dorian/workspace/Stage/TestScala/app/models/Person.scala:61: not found: type female
/home/dorian/workspace/Stage/TestScala/app/models/Person.scala:61: not found: type female
Read from stdout: (JsPath \ "female").read[female]
      (JsPath \ "female").read[female]
Read from stdout: ^
                               ^
Read from stdout: /home/dorian/workspace/Stage/TestScala/app/models/Person.scala:100: type _1 is not a member of (models.AddressType, models.Address)
/home/dorian/workspace/Stage/TestScala/app/models/Person.scala:100: type _1 is not a member of (models.AddressType, models.Address)
Read from stdout: mySeq :+ Writes[tuple._1] :+ Writes[tuple._2]
              mySeq :+ Writes[tuple._1] :+ Writes[tuple._2]
Read from stdout: ^
                                    ^
Read from stdout: /home/dorian/workspace/Stage/TestScala/app/models/Person.scala:100: missing arguments for method apply in object Writes;
Read from stdout: follow this method with `_' if you want to treat it as a partially applied function
/home/dorian/workspace/Stage/TestScala/app/models/Person.scala:100: missing arguments for method apply in object Writes;
follow this method with `_' if you want to treat it as a partially applied function
Read from stdout: mySeq :+ Writes[tuple._1] :+ Writes[tuple._2]
              mySeq :+ Writes[tuple._1] :+ Writes[tuple._2]
Read from stdout: ^
                             ^
Read from stdout: /home/dorian/workspace/Stage/TestScala/app/models/Person.scala:100: type _2 is not a member of (models.AddressType, models.Address)
/home/dorian/workspace/Stage/TestScala/app/models/Person.scala:100: type _2 is not a member of (models.AddressType, models.Address)
Read from stdout: mySeq :+ Writes[tuple._1] :+ Writes[tuple._2]
              mySeq :+ Writes[tuple._1] :+ Writes[tuple._2]
Read from stdout: ^
                                                        ^
Read from stdout: /home/dorian/workspace/Stage/TestScala/app/models/Person.scala:100: missing arguments for method apply in object Writes;
Read from stdout: follow this method with `_' if you want to treat it as a partially applied function
/home/dorian/workspace/Stage/TestScala/app/models/Person.scala:100: missing arguments for method apply in object Writes;
follow this method with `_' if you want to treat it as a partially applied function
Read from stdout: mySeq :+ Writes[tuple._1] :+ Writes[tuple._2]
              mySeq :+ Writes[tuple._1] :+ Writes[tuple._2]
Read from stdout: ^
                                                 ^
Read from stdout: 11 errors found
11 errors found
Compilation failed (CompilerInterface)
Read from stdout: (compile:compileIncremental) Compilation failed
(compile:compileIncremental) Compilation failed
Total time: 10 s, completed 21 sept. 2016 10:50:41
> server-post-command-error-handler
> server-post-command-cleanup
> server-handle-next-server-request
> {file:/home/dorian/workspace/Stage/TestScala/}root/compile:mainClass
Evaluating tasks: compile:mainClass
Running task... Cancel: sbt.server.ServerTaskCancellation@5a09689, check cycles: false
Total time: 0 s, completed 21 sept. 2016 10:50:41
> server-post-command-cleanup
> server-handle-next-server-request
> {file:/home/dorian/workspace/Stage/TestScala/}root/compile:discoveredMainClasses
Evaluating tasks: compile:discoveredMainClasses
Running task... Cancel: sbt.server.ServerTaskCancellation@5bc1e740, check cycles: false

Initial source changes: 
	removed:Set()
	added: Set()
	modified: Set(/home/dorian/workspace/Stage/TestScala/app/models/Person.scala, /home/dorian/workspace/Stage/TestScala/app/controllers/AddressController.scala, /home/dorian/workspace/Stage/TestScala/target/scala-2.11/src_managed/main/routes_reverseRouting.scala, /home/dorian/workspace/Stage/TestScala/target/scala-2.11/src_managed/main/controllers/routes.java, /home/dorian/workspace/Stage/TestScala/app/models/Address.scala, /home/dorian/workspace/Stage/TestScala/target/scala-2.11/src_managed/main/routes_routing.scala)
Removed products: Set()
External API changes: API Changes: Set()
Modified binary dependencies: Set()
Initial directly invalidated sources: Set(/home/dorian/workspace/Stage/TestScala/app/models/Person.scala, /home/dorian/workspace/Stage/TestScala/app/controllers/AddressController.scala, /home/dorian/workspace/Stage/TestScala/target/scala-2.11/src_managed/main/routes_reverseRouting.scala, /home/dorian/workspace/Stage/TestScala/target/scala-2.11/src_managed/main/controllers/routes.java, /home/dorian/workspace/Stage/TestScala/app/models/Address.scala, /home/dorian/workspace/Stage/TestScala/target/scala-2.11/src_managed/main/routes_routing.scala)

Sources indirectly invalidated by:
	product: Set()
	binary dep: Set()
	external source: Set()
All initially invalidated sources: Set(/home/dorian/workspace/Stage/TestScala/app/models/Person.scala, /home/dorian/workspace/Stage/TestScala/app/controllers/AddressController.scala, /home/dorian/workspace/Stage/TestScala/target/scala-2.11/src_managed/main/routes_reverseRouting.scala, /home/dorian/workspace/Stage/TestScala/target/scala-2.11/src_managed/main/controllers/routes.java, /home/dorian/workspace/Stage/TestScala/app/models/Address.scala, /home/dorian/workspace/Stage/TestScala/target/scala-2.11/src_managed/main/routes_routing.scala)

Recompiling all 10 sources: invalidated sources (6) exceeded 50.0% of all sources
Read from stdout: Compiling 9 Scala sources and 1 Java source to /home/dorian/workspace/Stage/TestScala/target/scala-2.11/classes...
Compiling 9 Scala sources and 1 Java source to /home/dorian/workspace/Stage/TestScala/target/scala-2.11/classes...
Getting compiler-interface from component compiler for Scala 2.11.7
Other repositories:
Default repositories:
Getting compiler-interface from component compiler for Scala 2.11.7
Other repositories:
Default repositories:
Running cached compiler 5c0fa949, interfacing (CompilerInterface) with Scala compiler version 2.11.7
Calling Scala compiler with arguments  (CompilerInterface):
	-deprecation
	-unchecked
	-encoding
	utf8
	-bootclasspath
	/usr/lib/jvm/java-8-oracle/jre/lib/resources.jar:/usr/lib/jvm/java-8-oracle/jre/lib/rt.jar:/usr/lib/jvm/java-8-oracle/jre/lib/sunrsasign.jar:/usr/lib/jvm/java-8-oracle/jre/lib/jsse.jar:/usr/lib/jvm/java-8-oracle/jre/lib/jce.jar:/usr/lib/jvm/java-8-oracle/jre/lib/charsets.jar:/usr/lib/jvm/java-8-oracle/jre/lib/jfr.jar:/usr/lib/jvm/java-8-oracle/jre/classes:/home/dorian/.ivy2/cache/org.scala-lang/scala-library/jars/scala-library-2.11.7.jar
	-classpath
	/home/dorian/workspace/Stage/TestScala/target/scala-2.11/classes:/home/dorian/.ivy2/cache/com.typesafe.play/twirl-api_2.11/jars/twirl-api_2.11-1.0.2.jar:/home/dorian/.ivy2/cache/org.apache.commons/commons-lang3/jars/commons-lang3-3.1.jar:/home/dorian/.ivy2/cache/org.scala-lang.modules/scala-xml_2.11/bundles/scala-xml_2.11-1.0.1.jar:/home/dorian/.ivy2/cache/com.typesafe.play/play_2.11/jars/play_2.11-2.3.8.jar:/home/dorian/.ivy2/cache/com.typesafe.play/build-link/jars/build-link-2.3.8.jar:/home/dorian/.ivy2/cache/com.typesafe.play/play-exceptions/jars/play-exceptions-2.3.8.jar:/home/dorian/.ivy2/cache/org.javassist/javassist/bundles/javassist-3.18.2-GA.jar:/home/dorian/.ivy2/cache/org.scala-stm/scala-stm_2.11/jars/scala-stm_2.11-0.7.jar:/home/dorian/.ivy2/cache/com.typesafe/config/bundles/config-1.2.1.jar:/home/dorian/.ivy2/cache/com.typesafe.play/play-json_2.11/jars/play-json_2.11-2.3.8.jar:/home/dorian/.ivy2/cache/com.typesafe.play/play-functional_2.11/jars/play-functional_2.11-2.3.8.jar:/home/dorian/.ivy2/cache/com.typesafe.play/play-datacommons_2.11/jars/play-datacommons_2.11-2.3.8.jar:/home/dorian/.ivy2/cache/com.fasterxml.jackson.core/jackson-annotations/bundles/jackson-annotations-2.3.2.jar:/home/dorian/.ivy2/cache/com.fasterxml.jackson.core/jackson-core/bundles/jackson-core-2.3.2.jar:/home/dorian/.ivy2/cache/com.fasterxml.jackson.core/jackson-databind/bundles/jackson-databind-2.3.2.jar:/home/dorian/.ivy2/cache/org.scala-lang.modules/scala-parser-combinators_2.11/bundles/scala-parser-combinators_2.11-1.0.1.jar:/home/dorian/.ivy2/cache/io.netty/netty/bundles/netty-3.9.3.Final.jar:/home/dorian/.ivy2/cache/com.typesafe.netty/netty-http-pipelining/jars/netty-http-pipelining-1.1.2.jar:/home/dorian/.ivy2/cache/org.slf4j/slf4j-api/jars/slf4j-api-1.7.6.jar:/home/dorian/.ivy2/cache/org.slf4j/jul-to-slf4j/jars/jul-to-slf4j-1.7.6.jar:/home/dorian/.ivy2/cache/org.slf4j/jcl-over-slf4j/jars/jcl-over-slf4j-1.7.6.jar:/home/dorian/.ivy2/cache/ch.qos.logback/logback-core/jars/logback-core-1.1.1.jar:/home/dorian/.ivy2/cache/ch.qos.logback/logback-classic/jars/logback-classic-1.1.1.jar:/home/dorian/.ivy2/cache/com.typesafe.akka/akka-slf4j_2.11/jars/akka-slf4j_2.11-2.3.4.jar:/home/dorian/.ivy2/cache/xerces/xercesImpl/jars/xercesImpl-2.11.0.jar:/home/dorian/.ivy2/cache/xml-apis/xml-apis/jars/xml-apis-1.4.01.jar:/home/dorian/.ivy2/cache/javax.transaction/jta/jars/jta-1.1.jar:/home/dorian/.ivy2/cache/com.typesafe.play/play-jdbc_2.11/jars/play-jdbc_2.11-2.3.8.jar:/home/dorian/.ivy2/cache/com.jolbox/bonecp/bundles/bonecp-0.8.0.RELEASE.jar:/home/dorian/.ivy2/cache/com.h2database/h2/jars/h2-1.3.175.jar:/home/dorian/.ivy2/cache/tyrex/tyrex/jars/tyrex-1.0.1.jar:/home/dorian/.ivy2/cache/com.typesafe.play/anorm_2.11/jars/anorm_2.11-2.4.0.jar:/home/dorian/.ivy2/cache/com.typesafe.play/anorm-tokenizer_2.11/jars/anorm-tokenizer_2.11-2.4.0.jar:/home/dorian/.ivy2/cache/org.scala-lang/scala-reflect/jars/scala-reflect-2.11.6.jar:/home/dorian/.ivy2/cache/com.jsuereth/scala-arm_2.11/jars/scala-arm_2.11-1.4.jar:/home/dorian/.ivy2/cache/org.scala-lang.plugins/scala-continuations-library_2.11/bundles/scala-continuations-library_2.11-1.0.1.jar:/home/dorian/.ivy2/cache/joda-time/joda-time/jars/joda-time-2.6.jar:/home/dorian/.ivy2/cache/org.joda/joda-convert/jars/joda-convert-1.7.jar:/home/dorian/.ivy2/cache/com.typesafe.play/play-cache_2.11/jars/play-cache_2.11-2.3.8.jar:/home/dorian/.ivy2/cache/net.sf.ehcache/ehcache-core/jars/ehcache-core-2.6.8.jar:/home/dorian/.ivy2/cache/com.typesafe.play/play-ws_2.11/jars/play-ws_2.11-2.3.8.jar:/home/dorian/.ivy2/cache/com.google.guava/guava/bundles/guava-16.0.1.jar:/home/dorian/.ivy2/cache/com.ning/async-http-client/jars/async-http-client-1.8.15.jar:/home/dorian/.ivy2/cache/oauth.signpost/signpost-core/jars/signpost-core-1.2.1.2.jar:/home/dorian/.ivy2/cache/oauth.signpost/signpost-commonshttp4/jars/signpost-commonshttp4-1.2.1.2.jar:/home/dorian/.ivy2/cache/org.apache.httpcomponents/httpcore/jars/httpcore-4.0.1.jar:/home/dorian/.ivy2/cache/org.apache.httpcomponents/httpclient/jars/httpclient-4.0.1.jar:/home/dorian/.ivy2/cache/commons-logging/commons-logging/jars/commons-logging-1.1.1.jar:/home/dorian/.ivy2/cache/org.reactivemongo/play2-reactivemongo_2.11/jars/play2-reactivemongo_2.11-0.11.14-play24.jar:/home/dorian/.ivy2/cache/org.reactivemongo/reactivemongo_2.11/jars/reactivemongo_2.11-0.11.14.jar:/home/dorian/.ivy2/cache/org.reactivemongo/reactivemongo-bson-macros_2.11/jars/reactivemongo-bson-macros_2.11-0.11.14.jar:/home/dorian/.ivy2/cache/org.reactivemongo/reactivemongo-bson_2.11/jars/reactivemongo-bson_2.11-0.11.14.jar:/home/dorian/.ivy2/cache/org.reactivemongo/reactivemongo-shaded/jars/reactivemongo-shaded-0.11.14.jar:/home/dorian/.ivy2/cache/com.typesafe.akka/akka-actor_2.11/jars/akka-actor_2.11-2.3.13.jar:/home/dorian/.ivy2/cache/com.typesafe.play/play-iteratees_2.11/jars/play-iteratees_2.11-2.3.10.jar:/home/dorian/.ivy2/cache/commons-codec/commons-codec/jars/commons-codec-1.10.jar:/home/dorian/.ivy2/cache/org.apache.logging.log4j/log4j-api/jars/log4j-api-2.5.jar:/home/dorian/.ivy2/cache/org.reactivemongo/reactivemongo-play-json_2.11/jars/reactivemongo-play-json_2.11-0.11.14.jar
Read from stdout: /home/dorian/workspace/Stage/TestScala/app/models/Person.scala:54: not found: type male
/home/dorian/workspace/Stage/TestScala/app/models/Person.scala:54: not found: type male
Read from stdout: (JsPath \ "male").read[male] or
      (JsPath \ "male").read[male] or
Read from stdout: ^
                             ^
Read from stdout: /home/dorian/workspace/Stage/TestScala/app/models/Person.scala:54: ambiguous reference to overloaded definition,
Read from stdout: both method read in class JsPath of type (t: <error>)play.api.libs.json.Reads[<error>]
Read from stdout: and  method read in class JsPath of type (implicit r: play.api.libs.json.Reads[<error>])play.api.libs.json.Reads[<error>]
Read from stdout: match expected type ?
/home/dorian/workspace/Stage/TestScala/app/models/Person.scala:54: ambiguous reference to overloaded definition,
both method read in class JsPath of type (t: <error>)play.api.libs.json.Reads[<error>]
and  method read in class JsPath of type (implicit r: play.api.libs.json.Reads[<error>])play.api.libs.json.Reads[<error>]
match expected type ?
Read from stdout: (JsPath \ "male").read[male] or
      (JsPath \ "male").read[male] or
Read from stdout: ^
                            ^
Read from stdout: /home/dorian/workspace/Stage/TestScala/app/models/Person.scala:55: not found: type female
/home/dorian/workspace/Stage/TestScala/app/models/Person.scala:55: not found: type female
Read from stdout: (JsPath \ "female").read[female]
      (JsPath \ "female").read[female]
Read from stdout: ^
                               ^
Read from stdout: /home/dorian/workspace/Stage/TestScala/app/models/Person.scala:56: value apply is not a member of object models.AddressType
/home/dorian/workspace/Stage/TestScala/app/models/Person.scala:56: value apply is not a member of object models.AddressType
Read from stdout: )(AddressType.apply _)
  )(AddressType.apply _)
Read from stdout: ^
                ^
Read from stdout: /home/dorian/workspace/Stage/TestScala/app/models/Person.scala:60: not found: type male
/home/dorian/workspace/Stage/TestScala/app/models/Person.scala:60: not found: type male
Read from stdout: (JsPath \ "male").read[male] or
      (JsPath \ "male").read[male] or
Read from stdout: ^
                             ^
Read from stdout: /home/dorian/workspace/Stage/TestScala/app/models/Person.scala:60: ambiguous reference to overloaded definition,
Read from stdout: both method read in class JsPath of type (t: <error>)play.api.libs.json.Reads[<error>]
Read from stdout: and  method read in class JsPath of type (implicit r: play.api.libs.json.Reads[<error>])play.api.libs.json.Reads[<error>]
Read from stdout: match expected type ?
/home/dorian/workspace/Stage/TestScala/app/models/Person.scala:60: ambiguous reference to overloaded definition,
both method read in class JsPath of type (t: <error>)play.api.libs.json.Reads[<error>]
and  method read in class JsPath of type (implicit r: play.api.libs.json.Reads[<error>])play.api.libs.json.Reads[<error>]
match expected type ?
Read from stdout: (JsPath \ "male").read[male] or
      (JsPath \ "male").read[male] or
Read from stdout: ^
                            ^
Read from stdout: /home/dorian/workspace/Stage/TestScala/app/models/Person.scala:61: not found: type female
/home/dorian/workspace/Stage/TestScala/app/models/Person.scala:61: not found: type female
Read from stdout: (JsPath \ "female").read[female]
      (JsPath \ "female").read[female]
Read from stdout: ^
                               ^
Read from stdout: /home/dorian/workspace/Stage/TestScala/app/models/Person.scala:100: type _1 is not a member of (models.AddressType, models.Address)
/home/dorian/workspace/Stage/TestScala/app/models/Person.scala:100: type _1 is not a member of (models.AddressType, models.Address)
Read from stdout: mySeq :+ Writes[tuple._1] :+ Writes[tuple._2]
              mySeq :+ Writes[tuple._1] :+ Writes[tuple._2]
Read from stdout: ^
                                    ^
Read from stdout: /home/dorian/workspace/Stage/TestScala/app/models/Person.scala:100: missing arguments for method apply in object Writes;
Read from stdout: follow this method with `_' if you want to treat it as a partially applied function
/home/dorian/workspace/Stage/TestScala/app/models/Person.scala:100: missing arguments for method apply in object Writes;
follow this method with `_' if you want to treat it as a partially applied function
Read from stdout: mySeq :+ Writes[tuple._1] :+ Writes[tuple._2]
              mySeq :+ Writes[tuple._1] :+ Writes[tuple._2]
Read from stdout: ^
                             ^
Read from stdout: /home/dorian/workspace/Stage/TestScala/app/models/Person.scala:100: type _2 is not a member of (models.AddressType, models.Address)
/home/dorian/workspace/Stage/TestScala/app/models/Person.scala:100: type _2 is not a member of (models.AddressType, models.Address)
Read from stdout: mySeq :+ Writes[tuple._1] :+ Writes[tuple._2]
              mySeq :+ Writes[tuple._1] :+ Writes[tuple._2]
Read from stdout: ^
                                                        ^
Read from stdout: /home/dorian/workspace/Stage/TestScala/app/models/Person.scala:100: missing arguments for method apply in object Writes;
Read from stdout: follow this method with `_' if you want to treat it as a partially applied function
/home/dorian/workspace/Stage/TestScala/app/models/Person.scala:100: missing arguments for method apply in object Writes;
follow this method with `_' if you want to treat it as a partially applied function
Read from stdout: mySeq :+ Writes[tuple._1] :+ Writes[tuple._2]
              mySeq :+ Writes[tuple._1] :+ Writes[tuple._2]
Read from stdout: ^
                                                 ^
Read from stdout: 11 errors found
11 errors found
Compilation failed (CompilerInterface)
Read from stdout: (compile:compileIncremental) Compilation failed
(compile:compileIncremental) Compilation failed
Total time: 2 s, completed 21 sept. 2016 10:50:43
> server-post-command-error-handler
> server-post-command-cleanup
> server-handle-next-server-request
> {file:/home/dorian/workspace/Stage/TestScala/}root/compile:mainClass
Evaluating tasks: compile:mainClass
Running task... Cancel: sbt.server.ServerTaskCancellation@185fcfd2, check cycles: false
Total time: 0 s, completed 21 sept. 2016 10:50:43
> server-post-command-cleanup
> server-handle-next-server-request
